[2026-02-06 14:00:38,316] [INFO] SmartAIPlatform: auto_create_ci_issue.py [uncategorized]: FAIL
[2026-02-06 14:00:38,316] [INFO] SmartAIPlatform: auto_create_security_issues.py [security]: FAIL
[2026-02-06 14:00:38,316] [INFO] SmartAIPlatform: auto_update_requirements.py [uncategorized]: FAIL
[2026-02-06 14:00:38,316] [INFO] SmartAIPlatform: central_args.py [uncategorized]: PASS
[2026-02-06 14:00:38,316] [INFO] SmartAIPlatform: central_logger.py [uncategorized]: PASS
[2026-02-06 14:00:38,316] [INFO] SmartAIPlatform: check_dependencies.py [dependencies]: FAIL
[2026-02-06 14:00:38,316] [INFO] SmartAIPlatform: check_docstrings.py [docs]: PASS
[2026-02-06 14:00:38,316] [INFO] SmartAIPlatform: check_onboarding.py [onboarding]: PASS
[2026-02-06 14:00:38,316] [INFO] SmartAIPlatform: check_py_length.py [modularity]: PASS
[2026-02-06 14:00:38,316] [INFO] SmartAIPlatform: check_python_utilities.py [security]: PASS
[2026-02-06 14:00:38,316] [INFO] SmartAIPlatform: check_shebang_and_imports.py [modularity]: PASS
[2026-02-06 14:00:38,316] [INFO] SmartAIPlatform: cross_repo_rule_consistency.py [automation]: FAIL
[2026-02-06 14:00:38,316] [INFO] SmartAIPlatform: manage_services.py [services]: PASS
[2026-02-06 14:00:38,316] [INFO] SmartAIPlatform: notify_email.py [automation]: FAIL
[2026-02-06 14:00:38,316] [INFO] SmartAIPlatform: notify_rule_change.py [automation]: FAIL
[2026-02-06 14:00:38,316] [INFO] SmartAIPlatform: notify_slack.py [uncategorized]: FAIL
[2026-02-06 14:00:38,316] [INFO] SmartAIPlatform: demo_plugin_check.py [uncategorized]: PASS
[2026-02-06 14:00:38,316] [INFO] SmartAIPlatform: pr_feedback_bot.py [automation]: FAIL
[2026-02-06 14:00:38,316] [INFO] SmartAIPlatform: pr_rule_violation_bot.py [automation]: FAIL
[2026-02-06 14:00:38,316] [INFO] SmartAIPlatform: report_rule_coverage.py [automation]: FAIL
[2026-02-06 14:00:38,316] [INFO] SmartAIPlatform: rule_adoption_analytics.py [automation]: FAIL
[2026-02-06 14:00:38,316] [INFO] SmartAIPlatform: rule_authoring_sdk.py [automation]: FAIL
[2026-02-06 14:00:38,316] [INFO] SmartAIPlatform: rule_auto_tuning.py [automation]: FAIL
[2026-02-06 14:00:38,316] [INFO] SmartAIPlatform: rule_aware_review_assignment.py [automation]: FAIL
[2026-02-06 14:00:38,316] [INFO] SmartAIPlatform: rule_config.py [automation]: FAIL
[2026-02-06 14:00:38,316] [INFO] SmartAIPlatform: rule_dependency_graph.py [automation]: FAIL
[2026-02-06 14:00:38,317] [INFO] SmartAIPlatform: rule_deprecation_upgrade.py [automation]: FAIL
[2026-02-06 14:00:38,317] [INFO] SmartAIPlatform: rule_doc_sync.py [automation]: FAIL
[2026-02-06 14:00:38,317] [INFO] SmartAIPlatform: rule_drift_detection.py [automation]: FAIL
[2026-02-06 14:00:38,317] [INFO] SmartAIPlatform: rule_exception_review.py [automation]: FAIL
[2026-02-06 14:00:38,317] [INFO] SmartAIPlatform: rule_explainability_ai.py [automation]: FAIL
[2026-02-06 14:00:38,317] [INFO] SmartAIPlatform: rule_feedback_loop.py [automation]: FAIL
[2026-02-06 14:00:38,317] [INFO] SmartAIPlatform: rule_impact_analysis.py [automation]: FAIL
[2026-02-06 14:00:38,317] [INFO] SmartAIPlatform: rule_marketplace.py [automation]: FAIL
[2026-02-06 14:00:38,317] [INFO] SmartAIPlatform: rule_migration_assistant.py [automation]: FAIL
[2026-02-06 14:00:38,317] [INFO] SmartAIPlatform: rule_onboarding_wizard.py [automation]: FAIL
[2026-02-06 14:00:38,317] [INFO] SmartAIPlatform: rule_ownership_mapping.py [automation]: FAIL
[2026-02-06 14:00:38,317] [INFO] SmartAIPlatform: rule_performance_profiling.py [automation]: FAIL
[2026-02-06 14:00:38,317] [INFO] SmartAIPlatform: rule_release_gates.py [automation]: FAIL
[2026-02-06 14:00:38,317] [INFO] SmartAIPlatform: rule_rollback_hotfix.py [automation]: FAIL
[2026-02-06 14:00:38,317] [INFO] SmartAIPlatform: rule_security_patch.py [automation]: FAIL
[2026-02-06 14:00:38,317] [INFO] SmartAIPlatform: rule_severity_enforcement.py [automation]: FAIL
[2026-02-06 14:00:38,317] [INFO] SmartAIPlatform: rule_usage_analytics.py [automation]: FAIL
[2026-02-06 14:00:38,317] [INFO] SmartAIPlatform: rule_visualization_dashboard.py [analytics]: FAIL
[2026-02-06 14:00:38,317] [INFO] SmartAIPlatform: rule_what_if_simulator.py [automation]: FAIL
[2026-02-06 14:00:38,317] [INFO] SmartAIPlatform: self_documenting_rules.py [automation]: FAIL
[2026-02-06 14:00:38,317] [INFO] SmartAIPlatform: setup_env.py [environment]: PASS
[2026-02-06 14:00:38,317] [INFO] SmartAIPlatform: suggest_tests_for_coverage.py [uncategorized]: FAIL
[2026-02-06 14:00:38,317] [INFO] SmartAIPlatform: sync_board_to_github.py [board]: FAIL
